<?xml version="1.0" encoding="UTF-8"?>
<testsuite name="ru.netology.ddima.controller.CustomerControllerTest" tests="2" skipped="0" failures="0" errors="0" timestamp="2023-12-09T13:35:11" hostname="DESKTOP-L87IDJ8" time="0.018">
  <properties/>
  <testcase name="contextLoads()" classname="ru.netology.ddima.controller.CustomerControllerTest" time="0.009"/>
  <testcase name="getClientsTest()" classname="ru.netology.ddima.controller.CustomerControllerTest" time="0.007"/>
  <system-out><![CDATA[2023-12-09 18:35:10.568  INFO 13608 --- [    Test worker] .b.t.c.SpringBootTestContextBootstrapper : Neither @ContextConfiguration nor @ContextHierarchy found for test class [ru.netology.ddima.controller.CustomerControllerTest], using SpringBootContextLoader
2023-12-09 18:35:10.569  INFO 13608 --- [    Test worker] o.s.t.c.support.AbstractContextLoader    : Could not detect default resource locations for test class [ru.netology.ddima.controller.CustomerControllerTest]: no resource found for suffixes {-context.xml, Context.groovy}.
2023-12-09 18:35:10.569  INFO 13608 --- [    Test worker] t.c.s.AnnotationConfigContextLoaderUtils : Could not detect default configuration classes for test class [ru.netology.ddima.controller.CustomerControllerTest]: CustomerControllerTest does not declare any static, non-private, non-final, nested classes annotated with @Configuration.
No operations
2023-12-09 18:35:10.585  INFO 13608 --- [    Test worker] .b.t.c.SpringBootTestContextBootstrapper : Found @SpringBootConfiguration ru.netology.ddima.OperationHistoryApiApplication for test class ru.netology.ddima.controller.CustomerControllerTest
No operations
2023-12-09 18:35:10.588  INFO 13608 --- [    Test worker] .b.t.c.SpringBootTestContextBootstrapper : Loaded default TestExecutionListener class names from location [META-INF/spring.factories]: [org.springframework.boot.test.autoconfigure.restdocs.RestDocsTestExecutionListener, org.springframework.boot.test.autoconfigure.web.client.MockRestServiceServerResetTestExecutionListener, org.springframework.boot.test.autoconfigure.web.servlet.MockMvcPrintOnlyOnFailureTestExecutionListener, org.springframework.boot.test.autoconfigure.web.servlet.WebDriverTestExecutionListener, org.springframework.boot.test.autoconfigure.webservices.client.MockWebServiceServerTestExecutionListener, org.springframework.boot.test.mock.mockito.MockitoTestExecutionListener, org.springframework.boot.test.mock.mockito.ResetMocksTestExecutionListener, org.springframework.test.context.web.ServletTestExecutionListener, org.springframework.test.context.support.DirtiesContextBeforeModesTestExecutionListener, org.springframework.test.context.event.ApplicationEventsTestExecutionListener, org.springframework.test.context.support.DependencyInjectionTestExecutionListener, org.springframework.test.context.support.DirtiesContextTestExecutionListener, org.springframework.test.context.transaction.TransactionalTestExecutionListener, org.springframework.test.context.jdbc.SqlScriptsTestExecutionListener, org.springframework.test.context.event.EventPublishingTestExecutionListener]
2023-12-09 18:35:10.589  INFO 13608 --- [    Test worker] .b.t.c.SpringBootTestContextBootstrapper : Using TestExecutionListeners: [org.springframework.test.context.web.ServletTestExecutionListener@660b1a9d, org.springframework.test.context.support.DirtiesContextBeforeModesTestExecutionListener@6fb0261e, org.springframework.test.context.event.ApplicationEventsTestExecutionListener@d6b532f, org.springframework.boot.test.mock.mockito.MockitoTestExecutionListener@2f4d01b6, org.springframework.boot.test.autoconfigure.SpringBootDependencyInjectionTestExecutionListener@112c2930, org.springframework.test.context.support.DirtiesContextTestExecutionListener@7f426ddd, org.springframework.test.context.event.EventPublishingTestExecutionListener@28e7bb31, org.springframework.boot.test.autoconfigure.restdocs.RestDocsTestExecutionListener@6fe04f2a, org.springframework.boot.test.autoconfigure.web.client.MockRestServiceServerResetTestExecutionListener@1f758e4f, org.springframework.boot.test.autoconfigure.web.servlet.MockMvcPrintOnlyOnFailureTestExecutionListener@733534f9, org.springframework.boot.test.autoconfigure.web.servlet.WebDriverTestExecutionListener@661e279d, org.springframework.boot.test.autoconfigure.webservices.client.MockWebServiceServerTestExecutionListener@beabd6b, org.springframework.boot.test.mock.mockito.ResetMocksTestExecutionListener@38de5daf]

  .   ____          _            __ _ _
 /\\ / ___'_ __ _ _(_)_ __  __ _ \ \ \ \
( ( )\___ | '_ | '_| | '_ \/ _` | \ \ \ \
 \\/  ___)| |_)| | | | | || (_| |  ) ) ) )
  '  |____| .__|_| |_|_| |_\__, | / / / /
 =========|_|==============|___/=/_/_/_/
 :: Spring Boot ::                (v2.7.4)

2023-12-09 18:35:10.616  INFO 13608 --- [    Test worker] r.n.d.controller.CustomerControllerTest  : Starting CustomerControllerTest using Java 17.0.9 on DESKTOP-L87IDJ8 with PID 13608 (started by 1 in C:\Users\1\IdeaProjects\netology-urfu)
2023-12-09 18:35:10.616  INFO 13608 --- [    Test worker] r.n.d.controller.CustomerControllerTest  : No active profile set, falling back to 1 default profile: "default"
No operations
No operations
No operations
No operations
No operations
No operations
No operations
No operations
No operations
No operations
No operations
No operations
No operations
No operations
2023-12-09 18:35:11.027  INFO 13608 --- [    Test worker] o.s.b.t.m.w.SpringBootMockServletContext : Initializing Spring TestDispatcherServlet ''
2023-12-09 18:35:11.027  INFO 13608 --- [    Test worker] o.s.t.web.servlet.TestDispatcherServlet  : Initializing Servlet ''
2023-12-09 18:35:11.028  INFO 13608 --- [    Test worker] o.s.t.web.servlet.TestDispatcherServlet  : Completed initialization in 1 ms
2023-12-09 18:35:11.037  INFO 13608 --- [    Test worker] r.n.d.controller.CustomerControllerTest  : Started CustomerControllerTest in 0.446 seconds (JVM running for 2.909)
]]></system-out>
  <system-err><![CDATA[]]></system-err>
</testsuite>
