<?xml version="1.0" encoding="UTF-8"?>
<testsuite name="ru.netology.ddima.service.CustomerServiceTest$CustomerServiceTest1" tests="5" skipped="0" failures="0" errors="0" timestamp="2023-12-09T13:35:11" hostname="DESKTOP-L87IDJ8" time="0.011">
  <properties/>
  <testcase name="contextLoads()" classname="ru.netology.ddima.service.CustomerServiceTest$CustomerServiceTest1" time="0.002"/>
  <testcase name="getCustomersShouldReturnAllCustomersInStorage()" classname="ru.netology.ddima.service.CustomerServiceTest$CustomerServiceTest1" time="0.002"/>
  <testcase name="initShouldInitializeStorageWithDefaultCustomers()" classname="ru.netology.ddima.service.CustomerServiceTest$CustomerServiceTest1" time="0.001"/>
  <testcase name="removeCustomerShouldRemoveCustomerFromStorage()" classname="ru.netology.ddima.service.CustomerServiceTest$CustomerServiceTest1" time="0.001"/>
  <testcase name="addClientShouldAddCustomerToStorage()" classname="ru.netology.ddima.service.CustomerServiceTest$CustomerServiceTest1" time="0.001"/>
  <system-out><![CDATA[2023-12-09 18:35:11.634  INFO 13608 --- [    Test worker] .b.t.c.SpringBootTestContextBootstrapper : Neither @ContextConfiguration nor @ContextHierarchy found for test class [ru.netology.ddima.service.CustomerServiceTest$CustomerServiceTest1], using SpringBootContextLoader
2023-12-09 18:35:11.634  INFO 13608 --- [    Test worker] o.s.t.c.support.AbstractContextLoader    : Could not detect default resource locations for test class [ru.netology.ddima.service.CustomerServiceTest$CustomerServiceTest1]: no resource found for suffixes {-context.xml, Context.groovy}.
2023-12-09 18:35:11.634  INFO 13608 --- [    Test worker] t.c.s.AnnotationConfigContextLoaderUtils : Could not detect default configuration classes for test class [ru.netology.ddima.service.CustomerServiceTest$CustomerServiceTest1]: CustomerServiceTest1 does not declare any static, non-private, non-final, nested classes annotated with @Configuration.
2023-12-09 18:35:11.635  INFO 13608 --- [    Test worker] .b.t.c.SpringBootTestContextBootstrapper : Found @SpringBootConfiguration ru.netology.ddima.OperationHistoryApiApplication for test class ru.netology.ddima.service.CustomerServiceTest$CustomerServiceTest1
2023-12-09 18:35:11.636  INFO 13608 --- [    Test worker] .b.t.c.SpringBootTestContextBootstrapper : Loaded default TestExecutionListener class names from location [META-INF/spring.factories]: [org.springframework.boot.test.autoconfigure.restdocs.RestDocsTestExecutionListener, org.springframework.boot.test.autoconfigure.web.client.MockRestServiceServerResetTestExecutionListener, org.springframework.boot.test.autoconfigure.web.servlet.MockMvcPrintOnlyOnFailureTestExecutionListener, org.springframework.boot.test.autoconfigure.web.servlet.WebDriverTestExecutionListener, org.springframework.boot.test.autoconfigure.webservices.client.MockWebServiceServerTestExecutionListener, org.springframework.boot.test.mock.mockito.MockitoTestExecutionListener, org.springframework.boot.test.mock.mockito.ResetMocksTestExecutionListener, org.springframework.test.context.web.ServletTestExecutionListener, org.springframework.test.context.support.DirtiesContextBeforeModesTestExecutionListener, org.springframework.test.context.event.ApplicationEventsTestExecutionListener, org.springframework.test.context.support.DependencyInjectionTestExecutionListener, org.springframework.test.context.support.DirtiesContextTestExecutionListener, org.springframework.test.context.transaction.TransactionalTestExecutionListener, org.springframework.test.context.jdbc.SqlScriptsTestExecutionListener, org.springframework.test.context.event.EventPublishingTestExecutionListener]
2023-12-09 18:35:11.637  INFO 13608 --- [    Test worker] .b.t.c.SpringBootTestContextBootstrapper : Using TestExecutionListeners: [org.springframework.test.context.web.ServletTestExecutionListener@7c69e1e1, org.springframework.test.context.support.DirtiesContextBeforeModesTestExecutionListener@7b52b18a, org.springframework.test.context.event.ApplicationEventsTestExecutionListener@1bc6c20d, org.springframework.boot.test.mock.mockito.MockitoTestExecutionListener@aedc426, org.springframework.boot.test.autoconfigure.SpringBootDependencyInjectionTestExecutionListener@39b85a73, org.springframework.test.context.support.DirtiesContextTestExecutionListener@5788722f, org.springframework.test.context.event.EventPublishingTestExecutionListener@7a730479, org.springframework.boot.test.autoconfigure.restdocs.RestDocsTestExecutionListener@1e5b33e5, org.springframework.boot.test.autoconfigure.web.client.MockRestServiceServerResetTestExecutionListener@654b899f, org.springframework.boot.test.autoconfigure.web.servlet.MockMvcPrintOnlyOnFailureTestExecutionListener@71468613, org.springframework.boot.test.autoconfigure.web.servlet.WebDriverTestExecutionListener@13f4048e, org.springframework.boot.test.autoconfigure.webservices.client.MockWebServiceServerTestExecutionListener@5477d90e, org.springframework.boot.test.mock.mockito.ResetMocksTestExecutionListener@6dc9a56e]
No operations
]]></system-out>
  <system-err><![CDATA[]]></system-err>
</testsuite>
