<?xml version="1.0" encoding="UTF-8"?>
<testsuite name="ru.netology.ddima.service.CustomerServiceTest" tests="2" skipped="0" failures="0" errors="0" timestamp="2023-12-09T13:35:11" hostname="DESKTOP-L87IDJ8" time="0.005">
  <properties/>
  <testcase name="contextLoads()" classname="ru.netology.ddima.service.CustomerServiceTest" time="0.002"/>
  <testcase name="getClientsTest()" classname="ru.netology.ddima.service.CustomerServiceTest" time="0.002"/>
  <system-out><![CDATA[2023-12-09 18:35:11.623  INFO 13608 --- [    Test worker] .b.t.c.SpringBootTestContextBootstrapper : Neither @ContextConfiguration nor @ContextHierarchy found for test class [ru.netology.ddima.service.CustomerServiceTest], using SpringBootContextLoader
2023-12-09 18:35:11.624  INFO 13608 --- [    Test worker] o.s.t.c.support.AbstractContextLoader    : Could not detect default resource locations for test class [ru.netology.ddima.service.CustomerServiceTest]: no resource found for suffixes {-context.xml, Context.groovy}.
2023-12-09 18:35:11.624  INFO 13608 --- [    Test worker] t.c.s.AnnotationConfigContextLoaderUtils : Could not detect default configuration classes for test class [ru.netology.ddima.service.CustomerServiceTest]: CustomerServiceTest does not declare any static, non-private, non-final, nested classes annotated with @Configuration.
2023-12-09 18:35:11.625  INFO 13608 --- [    Test worker] .b.t.c.SpringBootTestContextBootstrapper : Found @SpringBootConfiguration ru.netology.ddima.OperationHistoryApiApplication for test class ru.netology.ddima.service.CustomerServiceTest
2023-12-09 18:35:11.626  INFO 13608 --- [    Test worker] .b.t.c.SpringBootTestContextBootstrapper : Loaded default TestExecutionListener class names from location [META-INF/spring.factories]: [org.springframework.boot.test.autoconfigure.restdocs.RestDocsTestExecutionListener, org.springframework.boot.test.autoconfigure.web.client.MockRestServiceServerResetTestExecutionListener, org.springframework.boot.test.autoconfigure.web.servlet.MockMvcPrintOnlyOnFailureTestExecutionListener, org.springframework.boot.test.autoconfigure.web.servlet.WebDriverTestExecutionListener, org.springframework.boot.test.autoconfigure.webservices.client.MockWebServiceServerTestExecutionListener, org.springframework.boot.test.mock.mockito.MockitoTestExecutionListener, org.springframework.boot.test.mock.mockito.ResetMocksTestExecutionListener, org.springframework.test.context.web.ServletTestExecutionListener, org.springframework.test.context.support.DirtiesContextBeforeModesTestExecutionListener, org.springframework.test.context.event.ApplicationEventsTestExecutionListener, org.springframework.test.context.support.DependencyInjectionTestExecutionListener, org.springframework.test.context.support.DirtiesContextTestExecutionListener, org.springframework.test.context.transaction.TransactionalTestExecutionListener, org.springframework.test.context.jdbc.SqlScriptsTestExecutionListener, org.springframework.test.context.event.EventPublishingTestExecutionListener]
2023-12-09 18:35:11.626  INFO 13608 --- [    Test worker] .b.t.c.SpringBootTestContextBootstrapper : Using TestExecutionListeners: [org.springframework.test.context.web.ServletTestExecutionListener@79e2606f, org.springframework.test.context.support.DirtiesContextBeforeModesTestExecutionListener@734cf881, org.springframework.test.context.event.ApplicationEventsTestExecutionListener@4a890fdd, org.springframework.boot.test.mock.mockito.MockitoTestExecutionListener@56299b0e, org.springframework.boot.test.autoconfigure.SpringBootDependencyInjectionTestExecutionListener@3ca278bc, org.springframework.test.context.support.DirtiesContextTestExecutionListener@283e1759, org.springframework.test.context.event.EventPublishingTestExecutionListener@2acb1264, org.springframework.boot.test.autoconfigure.restdocs.RestDocsTestExecutionListener@30a01dd8, org.springframework.boot.test.autoconfigure.web.client.MockRestServiceServerResetTestExecutionListener@1f68e4e8, org.springframework.boot.test.autoconfigure.web.servlet.MockMvcPrintOnlyOnFailureTestExecutionListener@47b4ac83, org.springframework.boot.test.autoconfigure.web.servlet.WebDriverTestExecutionListener@351ede23, org.springframework.boot.test.autoconfigure.webservices.client.MockWebServiceServerTestExecutionListener@5604b85, org.springframework.boot.test.mock.mockito.ResetMocksTestExecutionListener@5df7a065]
No operations
]]></system-out>
  <system-err><![CDATA[]]></system-err>
</testsuite>
