<?xml version="1.0" encoding="UTF-8"?>
<testsuite name="ru.netology.ddima.controller.CustomerControllerTest$CustomerControllerTest1" tests="6" skipped="0" failures="0" errors="0" timestamp="2023-12-09T13:35:11" hostname="DESKTOP-L87IDJ8" time="0.211">
  <properties/>
  <testcase name="contextLoads()" classname="ru.netology.ddima.controller.CustomerControllerTest$CustomerControllerTest1" time="0.004"/>
  <testcase name="delCustomerShouldReturnOkStatus()" classname="ru.netology.ddima.controller.CustomerControllerTest$CustomerControllerTest1" time="0.091"/>
  <testcase name="delCustomerShouldReturnNotFoundStatus()" classname="ru.netology.ddima.controller.CustomerControllerTest$CustomerControllerTest1" time="0.005"/>
  <testcase name="addClientShouldReturnCreatedStatus()" classname="ru.netology.ddima.controller.CustomerControllerTest$CustomerControllerTest1" time="0.058"/>
  <testcase name="getCustomerShouldReturnCustomerDTO()" classname="ru.netology.ddima.controller.CustomerControllerTest$CustomerControllerTest1" time="0.041"/>
  <testcase name="getClientShouldReturnListOfCustomerDTOs()" classname="ru.netology.ddima.controller.CustomerControllerTest$CustomerControllerTest1" time="0.005"/>
  <system-out><![CDATA[2023-12-09 18:35:11.066  INFO 13608 --- [    Test worker] .b.t.c.SpringBootTestContextBootstrapper : Neither @ContextConfiguration nor @ContextHierarchy found for test class [ru.netology.ddima.controller.CustomerControllerTest$CustomerControllerTest1], using SpringBootContextLoader
2023-12-09 18:35:11.067  INFO 13608 --- [    Test worker] o.s.t.c.support.AbstractContextLoader    : Could not detect default resource locations for test class [ru.netology.ddima.controller.CustomerControllerTest$CustomerControllerTest1]: no resource found for suffixes {-context.xml, Context.groovy}.
2023-12-09 18:35:11.067  INFO 13608 --- [    Test worker] t.c.s.AnnotationConfigContextLoaderUtils : Could not detect default configuration classes for test class [ru.netology.ddima.controller.CustomerControllerTest$CustomerControllerTest1]: CustomerControllerTest1 does not declare any static, non-private, non-final, nested classes annotated with @Configuration.
2023-12-09 18:35:11.070  INFO 13608 --- [    Test worker] .b.t.c.SpringBootTestContextBootstrapper : Found @SpringBootConfiguration ru.netology.ddima.OperationHistoryApiApplication for test class ru.netology.ddima.controller.CustomerControllerTest$CustomerControllerTest1
2023-12-09 18:35:11.072  INFO 13608 --- [    Test worker] .b.t.c.SpringBootTestContextBootstrapper : Loaded default TestExecutionListener class names from location [META-INF/spring.factories]: [org.springframework.boot.test.autoconfigure.restdocs.RestDocsTestExecutionListener, org.springframework.boot.test.autoconfigure.web.client.MockRestServiceServerResetTestExecutionListener, org.springframework.boot.test.autoconfigure.web.servlet.MockMvcPrintOnlyOnFailureTestExecutionListener, org.springframework.boot.test.autoconfigure.web.servlet.WebDriverTestExecutionListener, org.springframework.boot.test.autoconfigure.webservices.client.MockWebServiceServerTestExecutionListener, org.springframework.boot.test.mock.mockito.MockitoTestExecutionListener, org.springframework.boot.test.mock.mockito.ResetMocksTestExecutionListener, org.springframework.test.context.web.ServletTestExecutionListener, org.springframework.test.context.support.DirtiesContextBeforeModesTestExecutionListener, org.springframework.test.context.event.ApplicationEventsTestExecutionListener, org.springframework.test.context.support.DependencyInjectionTestExecutionListener, org.springframework.test.context.support.DirtiesContextTestExecutionListener, org.springframework.test.context.transaction.TransactionalTestExecutionListener, org.springframework.test.context.jdbc.SqlScriptsTestExecutionListener, org.springframework.test.context.event.EventPublishingTestExecutionListener]
2023-12-09 18:35:11.073  INFO 13608 --- [    Test worker] .b.t.c.SpringBootTestContextBootstrapper : Using TestExecutionListeners: [org.springframework.test.context.web.ServletTestExecutionListener@44384b4a, org.springframework.test.context.support.DirtiesContextBeforeModesTestExecutionListener@5cc3e49b, org.springframework.test.context.event.ApplicationEventsTestExecutionListener@4239262e, org.springframework.boot.test.mock.mockito.MockitoTestExecutionListener@7bec8cb0, org.springframework.boot.test.autoconfigure.SpringBootDependencyInjectionTestExecutionListener@7d88fa9c, org.springframework.test.context.support.DirtiesContextTestExecutionListener@3eac2e8a, org.springframework.test.context.event.EventPublishingTestExecutionListener@352f6727, org.springframework.boot.test.autoconfigure.restdocs.RestDocsTestExecutionListener@2ab9e43e, org.springframework.boot.test.autoconfigure.web.client.MockRestServiceServerResetTestExecutionListener@10dfa7ef, org.springframework.boot.test.autoconfigure.web.servlet.MockMvcPrintOnlyOnFailureTestExecutionListener@4fd80300, org.springframework.boot.test.autoconfigure.web.servlet.WebDriverTestExecutionListener@1805383, org.springframework.boot.test.autoconfigure.webservices.client.MockWebServiceServerTestExecutionListener@64fdcf99, org.springframework.boot.test.mock.mockito.ResetMocksTestExecutionListener@9f0fc36]
No operations
No operations
No operations
No operations
No operations
No operations
No operations
No operations
]]></system-out>
  <system-err><![CDATA[]]></system-err>
</testsuite>
