<?xml version="1.0" encoding="UTF-8"?>
<testsuite name="ru.netology.ddima.OperationHistoryApiApplicationTest" tests="1" skipped="0" failures="0" errors="0" timestamp="2023-12-09T13:35:10" hostname="DESKTOP-L87IDJ8" time="0.348">
  <properties/>
  <testcase name="contextLoads()" classname="ru.netology.ddima.OperationHistoryApiApplicationTest" time="0.348"/>
  <system-out><![CDATA[18:35:08.695 [Test worker] DEBUG org.springframework.test.context.BootstrapUtils - Instantiating CacheAwareContextLoaderDelegate from class [org.springframework.test.context.cache.DefaultCacheAwareContextLoaderDelegate]
18:35:08.703 [Test worker] DEBUG org.springframework.test.context.BootstrapUtils - Instantiating BootstrapContext using constructor [public org.springframework.test.context.support.DefaultBootstrapContext(java.lang.Class,org.springframework.test.context.CacheAwareContextLoaderDelegate)]
18:35:08.727 [Test worker] DEBUG org.springframework.test.context.BootstrapUtils - Instantiating TestContextBootstrapper for test class [ru.netology.ddima.OperationHistoryApiApplicationTest] from class [org.springframework.boot.test.context.SpringBootTestContextBootstrapper]
18:35:08.735 [Test worker] INFO org.springframework.boot.test.context.SpringBootTestContextBootstrapper - Neither @ContextConfiguration nor @ContextHierarchy found for test class [ru.netology.ddima.OperationHistoryApiApplicationTest], using SpringBootContextLoader
18:35:08.737 [Test worker] DEBUG org.springframework.test.context.support.AbstractContextLoader - Did not detect default resource location for test class [ru.netology.ddima.OperationHistoryApiApplicationTest]: class path resource [ru/netology/ddima/OperationHistoryApiApplicationTest-context.xml] does not exist
18:35:08.738 [Test worker] DEBUG org.springframework.test.context.support.AbstractContextLoader - Did not detect default resource location for test class [ru.netology.ddima.OperationHistoryApiApplicationTest]: class path resource [ru/netology/ddima/OperationHistoryApiApplicationTestContext.groovy] does not exist
18:35:08.738 [Test worker] INFO org.springframework.test.context.support.AbstractContextLoader - Could not detect default resource locations for test class [ru.netology.ddima.OperationHistoryApiApplicationTest]: no resource found for suffixes {-context.xml, Context.groovy}.
18:35:08.739 [Test worker] INFO org.springframework.test.context.support.AnnotationConfigContextLoaderUtils - Could not detect default configuration classes for test class [ru.netology.ddima.OperationHistoryApiApplicationTest]: OperationHistoryApiApplicationTest does not declare any static, non-private, non-final, nested classes annotated with @Configuration.
18:35:08.764 [Test worker] DEBUG org.springframework.test.context.support.ActiveProfilesUtils - Could not find an 'annotation declaring class' for annotation type [org.springframework.test.context.ActiveProfiles] and class [ru.netology.ddima.OperationHistoryApiApplicationTest]
18:35:08.802 [Test worker] DEBUG org.springframework.context.annotation.ClassPathScanningCandidateComponentProvider - Identified candidate component class: file [C:\Users\1\IdeaProjects\netology-urfu\build\classes\java\main\ru\netology\ddima\OperationHistoryApiApplication.class]
18:35:08.803 [Test worker] INFO org.springframework.boot.test.context.SpringBootTestContextBootstrapper - Found @SpringBootConfiguration ru.netology.ddima.OperationHistoryApiApplication for test class ru.netology.ddima.OperationHistoryApiApplicationTest
18:35:08.870 [Test worker] DEBUG org.springframework.boot.test.context.SpringBootTestContextBootstrapper - @TestExecutionListeners is not present for class [ru.netology.ddima.OperationHistoryApiApplicationTest]: using defaults.
18:35:08.871 [Test worker] INFO org.springframework.boot.test.context.SpringBootTestContextBootstrapper - Loaded default TestExecutionListener class names from location [META-INF/spring.factories]: [org.springframework.boot.test.autoconfigure.restdocs.RestDocsTestExecutionListener, org.springframework.boot.test.autoconfigure.web.client.MockRestServiceServerResetTestExecutionListener, org.springframework.boot.test.autoconfigure.web.servlet.MockMvcPrintOnlyOnFailureTestExecutionListener, org.springframework.boot.test.autoconfigure.web.servlet.WebDriverTestExecutionListener, org.springframework.boot.test.autoconfigure.webservices.client.MockWebServiceServerTestExecutionListener, org.springframework.boot.test.mock.mockito.MockitoTestExecutionListener, org.springframework.boot.test.mock.mockito.ResetMocksTestExecutionListener, org.springframework.test.context.web.ServletTestExecutionListener, org.springframework.test.context.support.DirtiesContextBeforeModesTestExecutionListener, org.springframework.test.context.event.ApplicationEventsTestExecutionListener, org.springframework.test.context.support.DependencyInjectionTestExecutionListener, org.springframework.test.context.support.DirtiesContextTestExecutionListener, org.springframework.test.context.transaction.TransactionalTestExecutionListener, org.springframework.test.context.jdbc.SqlScriptsTestExecutionListener, org.springframework.test.context.event.EventPublishingTestExecutionListener]
18:35:08.880 [Test worker] DEBUG org.springframework.boot.test.context.SpringBootTestContextBootstrapper - Skipping candidate TestExecutionListener [org.springframework.test.context.transaction.TransactionalTestExecutionListener] due to a missing dependency. Specify custom listener classes or make the default listener classes and their required dependencies available. Offending class: [org/springframework/transaction/interceptor/TransactionAttributeSource]
18:35:08.880 [Test worker] DEBUG org.springframework.boot.test.context.SpringBootTestContextBootstrapper - Skipping candidate TestExecutionListener [org.springframework.test.context.jdbc.SqlScriptsTestExecutionListener] due to a missing dependency. Specify custom listener classes or make the default listener classes and their required dependencies available. Offending class: [org/springframework/transaction/interceptor/TransactionAttribute]
18:35:08.880 [Test worker] INFO org.springframework.boot.test.context.SpringBootTestContextBootstrapper - Using TestExecutionListeners: [org.springframework.test.context.web.ServletTestExecutionListener@119f1f2a, org.springframework.test.context.support.DirtiesContextBeforeModesTestExecutionListener@1a1da881, org.springframework.test.context.event.ApplicationEventsTestExecutionListener@5b970f7, org.springframework.boot.test.mock.mockito.MockitoTestExecutionListener@7fd4acee, org.springframework.boot.test.autoconfigure.SpringBootDependencyInjectionTestExecutionListener@165b8a71, org.springframework.test.context.support.DirtiesContextTestExecutionListener@6175619b, org.springframework.test.context.event.EventPublishingTestExecutionListener@2f058b8a, org.springframework.boot.test.autoconfigure.restdocs.RestDocsTestExecutionListener@756cf158, org.springframework.boot.test.autoconfigure.web.client.MockRestServiceServerResetTestExecutionListener@3f2ef586, org.springframework.boot.test.autoconfigure.web.servlet.MockMvcPrintOnlyOnFailureTestExecutionListener@751d3241, org.springframework.boot.test.autoconfigure.web.servlet.WebDriverTestExecutionListener@76c7beb3, org.springframework.boot.test.autoconfigure.webservices.client.MockWebServiceServerTestExecutionListener@64337702, org.springframework.boot.test.mock.mockito.ResetMocksTestExecutionListener@2cf92cc7]
18:35:08.883 [Test worker] DEBUG org.springframework.test.context.support.AbstractDirtiesContextTestExecutionListener - Before test class: context [DefaultTestContext@3e2943ab testClass = OperationHistoryApiApplicationTest, testInstance = [null], testMethod = [null], testException = [null], mergedContextConfiguration = [WebMergedContextConfiguration@70dd7e15 testClass = OperationHistoryApiApplicationTest, locations = '{}', classes = '{class ru.netology.ddima.OperationHistoryApiApplication}', contextInitializerClasses = '[]', activeProfiles = '{}', propertySourceLocations = '{}', propertySourceProperties = '{org.springframework.boot.test.context.SpringBootTestContextBootstrapper=true}', contextCustomizers = set[org.springframework.boot.test.autoconfigure.actuate.metrics.MetricsExportContextCustomizerFactory$DisableMetricExportContextCustomizer@a22cb6a, org.springframework.boot.test.autoconfigure.properties.PropertyMappingContextCustomizer@0, org.springframework.boot.test.autoconfigure.web.servlet.WebDriverContextCustomizerFactory$Customizer@2b4c1d96, org.springframework.boot.test.context.filter.ExcludeFilterContextCustomizer@146587a2, org.springframework.boot.test.json.DuplicateJsonObjectContextCustomizerFactory$DuplicateJsonObjectContextCustomizer@16c63f5, org.springframework.boot.test.mock.mockito.MockitoContextCustomizer@0, org.springframework.boot.test.web.client.TestRestTemplateContextCustomizer@63f8276e, org.springframework.boot.test.context.SpringBootTestArgs@1, org.springframework.boot.test.context.SpringBootTestWebEnvironment@6d4e5011], resourceBasePath = 'src/main/webapp', contextLoader = 'org.springframework.boot.test.context.SpringBootContextLoader', parent = [null]], attributes = map['org.springframework.test.context.web.ServletTestExecutionListener.activateListener' -> true]], class annotated with @DirtiesContext [false] with mode [null].

  .   ____          _            __ _ _
 /\\ / ___'_ __ _ _(_)_ __  __ _ \ \ \ \
( ( )\___ | '_ | '_| | '_ \/ _` | \ \ \ \
 \\/  ___)| |_)| | | | | || (_| |  ) ) ) )
  '  |____| .__|_| |_|_| |_\__, | / / / /
 =========|_|==============|___/=/_/_/_/
 :: Spring Boot ::                (v2.7.4)

2023-12-09 18:35:09.123  INFO 13608 --- [    Test worker] r.n.d.OperationHistoryApiApplicationTest : Starting OperationHistoryApiApplicationTest using Java 17.0.9 on DESKTOP-L87IDJ8 with PID 13608 (started by 1 in C:\Users\1\IdeaProjects\netology-urfu)
2023-12-09 18:35:09.124  INFO 13608 --- [    Test worker] r.n.d.OperationHistoryApiApplicationTest : No active profile set, falling back to 1 default profile: "default"
No operations
No operations
No operations
No operations
No operations
No operations
No operations
No operations
No operations
No operations
2023-12-09 18:35:10.197  INFO 13608 --- [    Test worker] r.n.d.OperationHistoryApiApplicationTest : Started OperationHistoryApiApplicationTest in 1.285 seconds (JVM running for 2.069)
No operations
No operations
No operations
No operations
No operations
No operations
]]></system-out>
  <system-err><![CDATA[]]></system-err>
</testsuite>
